\BOOKMARK [1][]{section.1}{\376\377\0001\000\040\000I\000n\000t\000r\000o\000d\000u\000c\000t\000i\000o\000n}{}% 1
\BOOKMARK [2][]{subsection.1.1}{\376\377\0001\000.\0001\000\040\000C\000o\000n\000t\000e\000x\000t\000e}{section.1}% 2
\BOOKMARK [2][]{subsection.1.2}{\376\377\0001\000.\0002\000\040\000P\000r\000o\000b\000l\000\351\000m\000a\000t\000i\000q\000u\000e\000\040\000e\000t\000\040\000o\000b\000j\000e\000c\000t\000i\000f\000s}{section.1}% 3
\BOOKMARK [2][]{subsection.1.3}{\376\377\0001\000.\0003\000\040\000P\000l\000a\000n\000\040\000d\000u\000\040\000m\000\351\000m\000o\000i\000r\000e}{section.1}% 4
\BOOKMARK [1][]{section.2}{\376\377\0002\000\040\000L\000e\000\040\000v\000e\000r\000r\000e}{}% 5
\BOOKMARK [2][]{subsection.2.1}{\376\377\0002\000.\0001\000\040\000L\000e\000\040\000v\000e\000r\000r\000e\000\040\000d\000a\000n\000s\000\040\000l\000'\000a\000r\000c\000h\000i\000t\000e\000c\000t\000u\000r\000e\000\040\000e\000t\000\040\000l\000a\000\040\000c\000o\000n\000s\000t\000r\000u\000c\000t\000i\000o\000n}{section.2}% 6
\BOOKMARK [2][]{subsection.2.2}{\376\377\0002\000.\0002\000\040\000P\000r\000o\000p\000r\000i\000\351\000t\000\351\000s\000\040\000m\000\351\000c\000a\000n\000i\000q\000u\000e\000s\000\040\000d\000u\000\040\000v\000e\000r\000r\000e}{section.2}% 7
\BOOKMARK [3][]{subsubsection.2.2.1}{\376\377\0002\000.\0002\000.\0001\000\040\000C\000h\000i\000m\000i\000e\000\040\000d\000u\000\040\000v\000e\000r\000r\000e}{subsection.2.2}% 8
\BOOKMARK [3][]{subsubsection.2.2.2}{\376\377\0002\000.\0002\000.\0002\000\040\000C\000o\000m\000p\000o\000r\000t\000e\000m\000e\000n\000t\000\040\000d\000u\000\040\000v\000e\000r\000r\000e}{subsection.2.2}% 9
\BOOKMARK [2][]{subsection.2.3}{\376\377\0002\000.\0003\000\040\000F\000a\000b\000r\000i\000c\000a\000t\000i\000o\000n\000\040\000e\000t\000\040\000t\000r\000a\000i\000t\000e\000m\000e\000n\000t\000\040\000d\000u\000\040\000v\000e\000r\000r\000e}{section.2}% 10
\BOOKMARK [3][]{subsubsection.2.3.1}{\376\377\0002\000.\0003\000.\0001\000\040\000M\000\351\000t\000h\000o\000d\000e\000s\000\040\000d\000e\000\040\000f\000a\000b\000r\000i\000c\000a\000t\000i\000o\000n}{subsection.2.3}% 11
\BOOKMARK [3][]{subsubsection.2.3.2}{\376\377\0002\000.\0003\000.\0002\000\040\000T\000r\000a\000i\000t\000e\000m\000e\000n\000t\000\040\000d\000u\000\040\000v\000e\000r\000r\000e}{subsection.2.3}% 12
\BOOKMARK [2][]{subsection.2.4}{\376\377\0002\000.\0004\000\040\000L\000e\000\040\000v\000e\000r\000r\000e\000\040\000d\000a\000n\000s\000\040\000l\000e\000s\000\040\000f\000a\000\347\000a\000d\000e\000s}{section.2}% 13
\BOOKMARK [3][]{subsubsection.2.4.1}{\376\377\0002\000.\0004\000.\0001\000\040\000V\000e\000r\000r\000e\000\040\000m\000o\000n\000o\000l\000i\000t\000h\000i\000q\000u\000e}{subsection.2.4}% 14
\BOOKMARK [3][]{subsubsection.2.4.2}{\376\377\0002\000.\0004\000.\0002\000\040\000V\000e\000r\000r\000e\000\040\000f\000e\000u\000i\000l\000l\000e\000t\000\351}{subsection.2.4}% 15
\BOOKMARK [3][]{subsubsection.2.4.3}{\376\377\0002\000.\0004\000.\0003\000\040\000V\000e\000r\000r\000e\000\040\000i\000s\000o\000l\000a\000n\000t}{subsection.2.4}% 16
\BOOKMARK [1][]{section.3}{\376\377\0003\000\040\000L\000e\000\040\000c\000a\000l\000c\000u\000l\000\040\000d\000u\000\040\000v\000e\000r\000r\000e\000\040\000d\000a\000n\000s\000\040\000l\000e\000s\000\040\000n\000o\000r\000m\000e\000s}{}% 17
\BOOKMARK [2][]{subsection.3.1}{\376\377\0003\000.\0001\000\040\000D\000\351\000t\000e\000r\000m\000i\000n\000a\000t\000i\000o\000n\000\040\000d\000e\000s\000\040\000c\000h\000a\000r\000g\000e\000s}{section.3}% 18
\BOOKMARK [2][]{subsection.3.2}{\376\377\0003\000.\0002\000\040\000C\000a\000l\000c\000u\000l\000\040\000a\000n\000a\000l\000y\000t\000i\000q\000u\000e\000\040\000d\000u\000\040\000v\000e\000r\000r\000e}{section.3}% 19
\BOOKMARK [3][]{subsubsection.3.2.1}{\376\377\0003\000.\0002\000.\0001\000\040\000M\000\351\000t\000h\000o\000d\000e\000\040\000s\000i\000m\000p\000l\000i\000f\000i\000\351\000e}{subsection.3.2}% 20
\BOOKMARK [3][]{subsubsection.3.2.2}{\376\377\0003\000.\0002\000.\0002\000\040\000M\000\351\000t\000h\000o\000d\000e\000\040\000V\000E\000C}{subsection.3.2}% 21
\BOOKMARK [3][]{subsubsection.3.2.3}{\376\377\0003\000.\0002\000.\0003\000\040\000M\000\351\000t\000h\000o\000d\000e\000\040\000n\000o\000n\000\040\000l\000i\000n\000\351\000a\000i\000r\000e}{subsection.3.2}% 22
\BOOKMARK [2][]{subsection.3.3}{\376\377\0003\000.\0003\000\040\000C\000a\000l\000c\000u\000l\000\040\000F\000E\000M}{section.3}% 23
\BOOKMARK [3][]{subsubsection.3.3.1}{\376\377\0003\000.\0003\000.\0001\000\040\000I\000m\000p\000a\000c\000t\000\040\000d\000u\000\040\000s\000i\000l\000i\000c\000o\000n\000e}{subsection.3.3}% 24
\BOOKMARK [1][]{section.4}{\376\377\0004\000\040\000O\000p\000t\000i\000m\000i\000s\000a\000t\000i\000o\000n\000\040\000g\000\351\000o\000m\000\351\000t\000r\000i\000q\000u\000e\000\040\000d\000u\000\040\000v\000e\000r\000r\000e}{}% 25
\BOOKMARK [2][]{subsection.4.1}{\376\377\0004\000.\0001\000\040\000L\000e\000\040\000c\000i\000n\000t\000r\000a\000g\000e\000\040\000d\000u\000\040\000v\000e\000r\000r\000e}{section.4}% 26
\BOOKMARK [3][]{subsubsection.4.1.1}{\376\377\0004\000.\0001\000.\0001\000\040\000C\000i\000n\000t\000r\000a\000g\000e\000\040\000\340\000\040\000f\000r\000o\000i\000d}{subsection.4.1}% 27
\BOOKMARK [3][]{subsubsection.4.1.2}{\376\377\0004\000.\0001\000.\0002\000\040\000L\000i\000m\000i\000t\000a\000t\000i\000o\000n\000s\000\040\000g\000\351\000o\000m\000\351\000t\000r\000i\000q\000u\000e\000s}{subsection.4.1}% 28
\BOOKMARK [2][]{subsection.4.2}{\376\377\0004\000.\0002\000\040\000L\000e\000\040\000v\000e\000r\000r\000e\000\040\000p\000l\000i\000\351}{section.4}% 29
\BOOKMARK [2][]{subsection.4.3}{\376\377\0004\000.\0003\000\040\000L\000e\000\040\000v\000e\000r\000r\000e\000\040\000o\000n\000d\000u\000l\000\351}{section.4}% 30
\BOOKMARK [3][]{subsubsection.4.3.1}{\376\377\0004\000.\0003\000.\0001\000\040\000F\000o\000r\000m\000e\000\040\000d\000e\000s\000\040\000o\000n\000d\000u\000l\000a\000t\000i\000o\000n\000s}{subsection.4.3}% 31
\BOOKMARK [3][]{subsubsection.4.3.2}{\376\377\0004\000.\0003\000.\0002\000\040\000A\000u\000t\000o\000p\000o\000r\000t\000a\000n\000c\000e}{subsection.4.3}% 32
\BOOKMARK [3][]{subsubsection.4.3.3}{\376\377\0004\000.\0003\000.\0003\000\040\000A\000s\000s\000e\000m\000b\000l\000a\000g\000e\000\040\000d\000e\000s\000\040\000v\000i\000t\000r\000a\000g\000e\000s\000\040\000\050\000t\000r\000o\000u\000v\000e\000r\000\040\000m\000e\000i\000l\000l\000e\000u\000r\000\040\000n\000o\000m\000\051}{subsection.4.3}% 33
\BOOKMARK [3][]{subsubsection.4.3.4}{\376\377\0004\000.\0003\000.\0004\000\040\000C\000a\000l\000c\000u\000l\000\040\000t\000\351\000m\000o\000i\000n}{subsection.4.3}% 34
\BOOKMARK [3][]{subsubsection.4.3.5}{\376\377\0004\000.\0003\000.\0005\000\040\000C\000o\000n\000c\000l\000u\000s\000i\000o\000n\000s\000\040\000s\000u\000r\000\040\000l\000e\000\040\000v\000e\000r\000r\000e\000\040\000o\000n\000d\000u\000l\000\351}{subsection.4.3}% 35
\BOOKMARK [2][]{subsection.4.4}{\376\377\0004\000.\0004\000\040\000L\000e\000\040\000v\000e\000r\000r\000e\000\040\000b\000u\000l\000l\000e}{section.4}% 36
\BOOKMARK [3][]{subsubsection.4.4.1}{\376\377\0004\000.\0004\000.\0001\000\040\000E\000t\000u\000d\000e\000\040\000p\000r\000\351\000l\000i\000m\000i\000n\000a\000i\000r\000e\000\040\000s\000u\000r\000\040\000l\000e\000s\000\040\000f\000o\000r\000m\000e\000s\000\040\000d\000e\000\040\000b\000u\000l\000l\000e\000s}{subsection.4.4}% 37
\BOOKMARK [1][]{section.5}{\376\377\0005\000\040\000C\000o\000n\000c\000l\000u\000s\000i\000o\000n\000s\000\040\000e\000t\000\040\000p\000e\000r\000s\000p\000e\000c\000t\000i\000v\000e\000s}{}% 38
